app/build/outputs/mapping/debug/seeds.txt
com.example.painteasy.ui.settings.SettingsActivity$SettingsFragment
com.example.painteasy.ui.canvas.DrawingView: java.lang.String getResult()
com.example.painteasy.ui.canvas.DrawingView: void setBrushColor(int)
com.example.painteasy.ui.settings.SettingsActivity: SettingsActivity()
com.example.painteasy.ui.about.AboutFragment
com.example.painteasy.ui.settings.SettingsActivity$SettingsFragment: SettingsActivity$SettingsFragment()
com.example.painteasy.ui.canvas.DrawingView: DrawingView(android.content.Context,android.util.AttributeSet)
com.example.painteasy.ui.settings.SettingsActivity
com.example.painteasy.DataBinderMapperImpl: DataBinderMapperImpl()
com.example.painteasy.ui.canvas.DrawingView
com.example.painteasy.ui.about.AboutFragment: AboutFragment()
com.example.painteasy.ui.canvas.CanvasFragment
com.example.painteasy.ui.MainActivity
com.example.painteasy.ui.MainActivity: MainActivity()
com.example.painteasy.DataBinderMapperImpl
com.example.painteasy.ui.canvas.CanvasFragment: CanvasFragment()
com.example.painteasy.ui.canvas.DrawingView: void setResult(java.lang.String)
...
androidx.appcompat.widget.ButtonBarLayout: void setAllowStacking(boolean)
androidx.appcompat.widget.AppCompatSpinner: android.content.res.ColorStateList getSupportBackgroundTintList()
androidx.appcompat.widget.AppCompatRadioButton: void setBackgroundResource(int)
com.google.android.material.textview.MaterialTextView: MaterialTextView(android.content.Context,android.util.AttributeSet)
androidx.core.widget.NestedScrollView: int getScrollRange()
androidx.appcompat.widget.AppCompatImageView: void setBackgroundResource(int)
com.google.android.material.floatingactionbutton.FloatingActionButton: android.graphics.PorterDuff$Mode getSupportImageTintMode()
com.google.android.material.card.MaterialCardView: int getContentPaddingRight()
androidx.vectordrawable.graphics.drawable.VectorDrawableCompat$VGroup: void setPivotY(float)
androidx.appcompat.widget.AppCompatTextView: int[] getAutoSizeTextAvailableSizes()
com.google.android.material.card.MaterialCardView: void setCheckedIconSizeResource(int)
androidx.appcompat.widget.AppCompatCheckedTextView: void setCheckMarkDrawable(int)
androidx.cardview.widget.CardView: void setCardBackgroundColor(android.content.res.ColorStateList)
androidx.cardview.widget.CardView: void setMaxCardElevation(float)
com.google.android.material.textfield.TextInputLayout: float getBoxCornerRadiusBottomStart()
com.google.android.material.floatingactionbutton.ExtendedFloatingActionButton: com.google.android.material.animation.MotionSpec getShowMotionSpec()
com.google.android.material.internal.NavigationMenuItemView
androidx.appcompat.widget.Toolbar: android.graphics.drawable.Drawable getLogo()
com.google.android.material.button.MaterialButton: android.content.res.ColorStateList getBackgroundTintList()
androidx.preference.MultiSelectListPreferenceDialogFragmentCompat
com.google.android.material.chip.ChipGroup: void setChipSpacingHorizontalResource(int)
androidx.appcompat.widget.AppCompatTextView: void setTextFuture(java.util.concurrent.Future)
com.google.android.material.snackbar.Snackbar$SnackbarLayout: void setBackground(android.graphics.drawable.Drawable)
androidx.appcompat.widget.ActionBarContextView: int getContentHeight()
com.google.android.material.transformation.TransformationChildLayout
kotlinx.coroutines.scheduling.WorkQueue: int consumerIndex
androidx.coordinatorlayout.widget.CoordinatorLayout: void setOnHierarchyChangeListener(android.view.ViewGroup$OnHierarchyChangeListener)
com.google.android.material.button.MaterialButton: void setBackground(android.graphics.drawable.Drawable)
androidx.lifecycle.Lifecycle$Event: androidx.lifecycle.Lifecycle$Event ON_DESTROY
com.google.android.material.card.MaterialCardView: void setCheckedIconTint(android.content.res.ColorStateList)
com.google.android.material.timepicker.TimePickerView
androidx.appcompat.widget.ScrollingTabContainerView: void setTabSelected(int)
com.google.android.material.button.MaterialButton: int getCornerRadius()
com.google.android.material.textfield.TextInputLayout: void setBoxBackgroundColorResource(int)
androidx.appcompat.widget.AppCompatTextView: void setAutoSizeTextTypeWithDefaults(int)
androidx.appcompat.widget.ButtonBarLayout: int getMinimumHeight()
androidx.appcompat.widget.SwitchCompat: void setTextOn(java.lang.CharSequence)
com.google.android.material.card.MaterialCardView: void setCardBackgroundColor(int)
com.google.android.material.card.MaterialCardView: void setCheckedIconMarginResource(int)
androidx.appcompat.widget.SearchView: androidx.cursoradapter.widget.CursorAdapter getSuggestionsAdapter()
androidx.appcompat.view.menu.ActionMenuItemView
com.google.android.material.chip.Chip: java.lang.CharSequence getCloseIconContentDescription()
androidx.recyclerview.widget.RecyclerView: void setRecyclerListener(androidx.recyclerview.widget.RecyclerView$RecyclerListener)
com.google.android.material.timepicker.ChipTextInputComboView