app/build/outputs/mapping/debug/mapping.txt
# compiler: R8
# compiler_version: 2.1.62
# min_api: 25
# pg_map_id: 37444e6
# common_typos_disable
com.example.painteasy.DataBinderMapperImpl -> com.example.painteasy.DataBinderMapperImpl:
    android.util.SparseIntArray INTERNAL_LAYOUT_ID_LOOKUP -> a
    29:35:void <clinit>() -> <clinit>
    22:22:void <init>() -> <init>
    103:105:java.util.List collectDependencies() -> a
    39:66:androidx.databinding.ViewDataBinding getDataBinder(androidx.databinding.DataBindingComponent,android.view.View,int) -> b
    71:83:androidx.databinding.ViewDataBinding getDataBinder(androidx.databinding.DataBindingComponent,android.view.View[],int) -> c
com.example.painteasy.R$id -> com.example.painteasy.a:
    int toolbar -> b
    int flDrawingViewContainer -> a
com.example.painteasy.databinding.ActivityMainBinding -> com.example.painteasy.b.a:
    androidx.appcompat.widget.Toolbar toolbar -> u
    22:24:void <init>(java.lang.Object,android.view.View,int,androidx.appcompat.widget.Toolbar) -> <init>
com.example.painteasy.databinding.ActivityMainBindingImpl -> com.example.painteasy.b.b:
    long mDirtyFlags -> w
    android.widget.LinearLayout mboundView0 -> v
    android.util.SparseIntArray sViewsWithIds -> y
    androidx.databinding.ViewDataBinding$IncludedLayouts sIncludes -> x
    15:18:void <clinit>() -> <clinit>
    28:29:void <init>(androidx.databinding.DataBindingComponent,android.view.View) -> <init>
    31:84:void <init>(androidx.databinding.DataBindingComponent,android.view.View,java.lang.Object[]) -> <init>
    74:80:void executeBindings() -> i
    51:56:boolean hasPendingBindings() -> p
    43:47:void invalidateAll() -> z
com.example.painteasy.databinding.FragmentAboutBinding -> com.example.painteasy.b.c:
    37:43:void <init>(java.lang.Object,android.view.View,int,androidx.cardview.widget.CardView,androidx.cardview.widget.CardView,android.widget.ImageView,android.widget.TextView,android.widget.TextView) -> <init>
    62:62:com.example.painteasy.databinding.FragmentAboutBinding inflate(android.view.LayoutInflater,android.view.ViewGroup,boolean,java.lang.Object) -> A
    48:48:com.example.painteasy.databinding.FragmentAboutBinding inflate(android.view.LayoutInflater,android.view.ViewGroup,boolean) -> z
com.example.painteasy.databinding.FragmentAboutBindingImpl -> com.example.painteasy.b.d:
    androidx.constraintlayout.widget.ConstraintLayout mboundView0 -> u
    androidx.databinding.ViewDataBinding$IncludedLayouts sIncludes -> w
    long mDirtyFlags -> v
    android.util.SparseIntArray sViewsWithIds -> x
    15:22:void <clinit>() -> <clinit>
    32:33:void <init>(androidx.databinding.DataBindingComponent,android.view.View) -> <init>
    35:92:void <init>(androidx.databinding.DataBindingComponent,android.view.View,java.lang.Object[]) -> <init>
    51:55:void invalidateAll() -> B
    82:88:void executeBindings() -> i
    59:64:boolean hasPendingBindings() -> p
...
androidx.core.view.accessibility.AccessibilityViewCommand$CommandArguments -> c.g.k.b0.f$a:
    46:46:void <init>() -> <init>
    54:55:void setBundle(android.os.Bundle) -> a
androidx.core.view.accessibility.AccessibilityViewCommand$MoveAtGranularityArguments -> c.g.k.b0.f$b:
    64:64:void <init>() -> <init>
androidx.core.view.accessibility.AccessibilityViewCommand$MoveHtmlArguments -> c.g.k.b0.f$c:
    98:98:void <init>() -> <init>
androidx.core.view.accessibility.AccessibilityViewCommand$MoveWindowArguments -> c.g.k.b0.f$d:
    183:183:void <init>() -> <init>
androidx.core.view.accessibility.AccessibilityViewCommand$ScrollToPositionArguments -> c.g.k.b0.f$e:
    148:148:void <init>() -> <init>
androidx.core.view.accessibility.AccessibilityViewCommand$SetProgressArguments -> c.g.k.b0.f$f:
    169:169:void <init>() -> <init>
androidx.core.view.accessibility.AccessibilityViewCommand$SetSelectionArguments -> c.g.k.b0.f$g:
    113:113:void <init>() -> <init>
androidx.core.view.accessibility.AccessibilityViewCommand$SetTextArguments -> c.g.k.b0.f$h:
    133:133:void <init>() -> <init>
androidx.core.widget.AutoScrollHelper -> androidx.core.widget.a:
    float[] mRelativeVelocity -> m
    float[] mMinimumVelocity -> n
    int mActivationDelay -> l
    boolean mAlreadyDelayed -> p
    float[] mRelativeEdges -> i
    float[] mMaximumEdges -> j
    int mEdgeType -> k
    boolean mExclusive -> u
    android.view.animation.Interpolator mEdgeInterpolator -> f
    boolean mNeedsReset -> q
    boolean mNeedsCancel -> r
    boolean mAnimating -> s
    boolean mEnabled -> t
    androidx.core.widget.AutoScrollHelper$ClampedScroller mScroller -> e
    java.lang.Runnable mRunnable -> h
    int DEFAULT_ACTIVATION_DELAY -> v
    android.view.View mTarget -> g
    float[] mMaximumVelocity -> o
    195:195:void <clinit>() -> <clinit>
    138:226:void <init>(android.view.View) -> <init>
    boolean canTargetScrollHorizontally(int) -> a
    boolean canTargetScrollVertically(int) -> b
    687:692:void cancelTargetTouch() -> c
    549:568:float computeTargetVelocity(int,float,float,float) -> d
    673:678:float constrain(float,float,float) -> e
    663:668:int constrain(int,int,int) -> f
    634:659:float constrainEdgeValue(float,float) -> g
    617:630:float getEdgeValue(float,float,float,float) -> h
    538:545:void requestStop() -> i
    void scrollTargetBy(int,int) -> j
    420:421:androidx.core.widget.AutoScrollHelper setActivationDelay(int) -> k
    359:360:androidx.core.widget.AutoScrollHelper setEdgeType(int) -> l
androidx.core.widget.AutoScrollHelper$ClampedScroller -> androidx.core.widget.a$a:
    long mStopTime -> i
    float mStopValue -> j
    long mDeltaTime -> f
    long mStartTime -> e
    int mEffectiveRampDown -> k
    int mDeltaY -> h
    float mTargetVelocityY -> d
    float mTargetVelocityX -> c
    int mDeltaX -> g
    int mRampDownDuration -> b
    int mRampUpDuration -> a
    756:762:void <init>() -> <init>
    831:843:void computeScrollDelta() -> a
    869:869:int getDeltaX() -> b
    877:877:int getDeltaY() -> c
    857:857:int getHorizontalDirection() -> d
    800:808:float getValueAt(long) -> e
    861:861:int getVerticalDirection() -> f
    820:820:float interpolateValue(float) -> g
    795:796:boolean isFinished() -> h
    788:792:void requestStop() -> i
    769:770:void setRampDownDuration(int) -> j
    765:766:void setRampUpDuration(int) -> k
    852:854:void setTargetVelocity(float,float) -> l
    776:782:void start() -> m
androidx.core.widget.AutoScrollHelper$ScrollAnimationRunnable -> androidx.core.widget.a$b:
    androidx.core.widget.AutoScrollHelper this$0 -> e
    695:696:void <init>(androidx.core.widget.AutoScrollHelper) -> <init>
    700:728:void run() -> run
androidx.core.widget.AutoSizeableTextView -> androidx.core.widget.b:
    boolean PLATFORM_SUPPORTS_AUTOSIZE -> a
    39:39:void <clinit>() -> <clinit>