app/build/outputs/mapping/debug/usage.txt
com.example.painteasy.DataBinderMapperImpl:
    public int getLayoutId(java.lang.String)
    public java.lang.String convertBrIdToString(int)
    private static final int LAYOUT_ACTIVITYMAIN
    private static final int LAYOUT_FRAGMENTABOUT
    private static final int LAYOUT_FRAGMENTCANVAS
com.example.painteasy.R$anim
com.example.painteasy.R$xml
com.example.painteasy.utils.UtilsKt:
    public static final void shareText(android.content.Context,java.lang.String)
com.example.painteasy.R$color
com.example.painteasy.R$array
com.example.painteasy.ui.MainActivity$inlined$sam$i$androidx_navigation_ui_AppBarConfiguration_OnNavigateUpListener$0:
    public final synthetic boolean onNavigateUp()
com.example.painteasy.BuildConfig
com.example.painteasy.R$menu
com.example.painteasy.databinding.ActivityMainBinding:
    public static com.example.painteasy.databinding.ActivityMainBinding inflate(android.view.LayoutInflater,android.view.ViewGroup,boolean)
    public static com.example.painteasy.databinding.ActivityMainBinding inflate(android.view.LayoutInflater,android.view.ViewGroup,boolean,java.lang.Object)
    public static com.example.painteasy.databinding.ActivityMainBinding inflate(android.view.LayoutInflater)
    public static com.example.painteasy.databinding.ActivityMainBinding inflate(android.view.LayoutInflater,java.lang.Object)
    public static com.example.painteasy.databinding.ActivityMainBinding bind(android.view.View)
    public static com.example.painteasy.databinding.ActivityMainBinding bind(android.view.View,java.lang.Object)
com.example.painteasy.R$styleable
com.example.painteasy.R$bool
com.example.painteasy.databinding.FragmentCanvasBindingImpl:
    public boolean setVariable(int,java.lang.Object)
    protected boolean onFieldChange(int,java.lang.Object,int)
com.example.painteasy.DataBinderMapperImpl$InnerBrLookup
com.example.painteasy.DataBindingTriggerClass
com.example.painteasy.ui.about.AboutFragment:
    public android.view.View _$_findCachedViewById(int)
com.example.painteasy.ui.canvas.DrawingView:
    public android.view.View _$_findCachedViewById(int)
    public void _$_clearFindViewByIdCache()
    private java.util.HashMap _$_findViewCache
com.example.painteasy.utils.Constants
com.example.painteasy.BR
com.example.painteasy.R$layout
com.example.painteasy.R$string
com.example.painteasy.databinding.FragmentAboutBinding:
    public static com.example.painteasy.databinding.FragmentAboutBinding inflate(android.view.LayoutInflater)
    public static com.example.painteasy.databinding.FragmentAboutBinding inflate(android.view.LayoutInflater,java.lang.Object)
    public static com.example.painteasy.databinding.FragmentAboutBinding bind(android.view.View)
    public static com.example.painteasy.databinding.FragmentAboutBinding bind(android.view.View,java.lang.Object)
com.example.painteasy.ui.settings.SettingsActivity:
    public void _$_clearFindViewByIdCache()
com.example.painteasy.ui.settings.SettingsActivity$SettingsFragment:
    public android.view.View _$_findCachedViewById(int)
com.example.painteasy.databinding.FragmentAboutBindingImpl:
    public boolean setVariable(int,java.lang.Object)
    protected boolean onFieldChange(int,java.lang.Object,int)
com.example.painteasy.ui.MainActivity:
    public android.view.View _$_findCachedViewById(int)
    public void _$_clearFindViewByIdCache()
    private java.util.HashMap _$_findViewCache
com.example.painteasy.R$plurals
com.example.painteasy.R$navigation
...
com.google.android.material.internal.NavigationMenuPresenter$NavigationMenuAdapter
com.google.android.material.bottomnavigation.BottomNavigationView$SavedState
androidx.preference.ktx.R$layout
kotlin.time.AdjustedTimeMark
androidx.navigation.ui.ktx.R
androidx.fragment.app.DialogFragment:
    public void setStyle(int,int)
    public int show(androidx.fragment.app.FragmentTransaction,java.lang.String)
    public void showNow(androidx.fragment.app.FragmentManager,java.lang.String)
    public void dismissAllowingStateLoss()
    public void setCancelable(boolean)
    public boolean isCancelable()
    public void setShowsDialog(boolean)
    public boolean getShowsDialog()
    public static final int STYLE_NORMAL
    public static final int STYLE_NO_TITLE
    public static final int STYLE_NO_FRAME
    public static final int STYLE_NO_INPUT
    private static final java.lang.String SAVED_DIALOG_STATE_TAG
    private static final java.lang.String SAVED_STYLE
    private static final java.lang.String SAVED_THEME
    private static final java.lang.String SAVED_CANCELABLE
    private static final java.lang.String SAVED_SHOWS_DIALOG
    private static final java.lang.String SAVED_BACK_STACK_ID
androidx.viewpager2.adapter.FragmentStateAdapter$3
androidx.appcompat.R$styleable:
    private void <init>()
    public static final int ActionBar_contentInsetEndWithActions
    public static final int ActionBar_contentInsetLeft
    public static final int ActionBar_contentInsetRight
    public static final int ActionBar_contentInsetStartWithNavigation
    public static final int ActionBar_divider
    public static final int ActionBar_homeLayout
    public static final int ActionBar_indeterminateProgressStyle
    public static final int ActionBar_itemPadding
    public static final int ActionBar_navigationMode
    public static final int ActionBar_progressBarPadding
    public static final int ActionBar_progressBarStyle
    public static final int ActionMode_backgroundSplit
    public static final int ActivityChooserView_expandActivityOverflowButtonDrawable
    public static final int ActivityChooserView_initialActivityCount
    public static final int AnimatedStateListDrawableCompat_android_dither
    public static final int AnimatedStateListDrawableCompat_android_visible
    public static final int AnimatedStateListDrawableCompat_android_variablePadding
    public static final int AnimatedStateListDrawableCompat_android_constantSize
    public static final int AnimatedStateListDrawableCompat_android_enterFadeDuration
    public static final int AnimatedStateListDrawableCompat_android_exitFadeDuration
    public static final int AnimatedStateListDrawableItem_android_id
kotlinx.coroutines.channels.ArrayBroadcastChannel
androidx.appcompat.app.AlertController:
    public void setButtonPanelLayoutHint(int)
    public android.widget.Button getButton(int)
androidx.recyclerview.widget.AsyncListDiffer$1$2
androidx.slidingpanelayout.R$styleable
com.google.android.material.transition.platform.MaterialContainerTransformSharedElementCallback$2
com.google.android.material.transition.FitModeEvaluators
kotlinx.coroutines.CancellableContinuation$DefaultImpls
com.afollestad.materialdialogs.utils.IntArraysKt$removeAll$$inlined$apply$lambda$1
androidx.databinding.adapters.ImageViewBindingAdapter
kotlin.collections.MutableMapWithDefault
androidx.media.MediaBrowserServiceCompat$ConnectionRecord
androidx.core.view.DisplayCutoutCompat:
    public void <init>(android.graphics.Rect,java.util.List)
    public int getSafeInsetTop()
    public int getSafeInsetBottom()
    public int getSafeInsetLeft()
    public int getSafeInsetRight()
    public java.util.List getBoundingRects()
    android.view.DisplayCutout unwrap()